<?xml version="1.0" encoding="UTF-8"?>
<!-- Generated by org.testng.reporters.JUnitXMLReporter -->
<testsuite ignored="0" hostname="DESKTOP-DJ4FDME" failures="0" tests="3" name="Default test" time="19.216" errors="0" timestamp="2023-11-03T19:41:15 IST">
  <testcase classname="org.wipro.automation.aumw.testcases.LoginScenarios_DDF" name="tc01_loginFunc" time="0.587"/>
  <testcase classname="org.wipro.automation.aumw.testcases.LoginScenarios_DDF" name="tc01_loginFunc" time="0.462"/>
  <testcase classname="org.wipro.automation.aumw.testcases.LoginScenarios_DDF" name="tc01_loginFunc" time="0.421"/>
</testsuite> <!-- Default test -->
