<?xml version="1.0" encoding="UTF-8"?>
<!-- Generated by org.testng.reporters.JUnitXMLReporter -->
<testsuite ignored="2" hostname="DESKTOP-DJ4FDME" failures="0" tests="2" name="Test" time="12.346" errors="0" timestamp="2023-11-02T19:18:04 IST">
  <testcase classname="org.xyz.automation.fb.KeyMouse" name="handleAlerts" time="4.706"/>
  <testcase classname="org.xyz.automation.fb.KeyMouse" name="handleFrames" time="7.558"/>
  <testcase classname="org.xyz.automation.fb.KeyMouse" name="handlemouse" time="0.0">
    <ignored/>
  </testcase> <!-- handlemouse -->
  <testcase classname="org.xyz.automation.fb.KeyMouse" name="handleKeyboard" time="0.0">
    <ignored/>
  </testcase> <!-- handleKeyboard -->
</testsuite> <!-- Test -->
