<?xml version="1.0" encoding="UTF-8"?>
<!-- Generated by org.testng.reporters.JUnitXMLReporter -->
<testsuite ignored="7" hostname="DESKTOP-DJ4FDME" failures="2" tests="2" name="Test(failed)" time="0.095" errors="0" timestamp="2023-10-17T19:41:58 IST">
  <testcase classname="learnTestNG.TestScenario4" name="second_testcase" time="0.028">
    <failure type="java.lang.AssertionError" message="expected [Testing] but found [Test]">
      <![CDATA[java.lang.AssertionError: expected [Testing] but found [Test]
at learnTestNG.TestScenario4.second_testcase(TestScenario4.java:19)
at java.base/java.util.ArrayList.forEach(ArrayList.java:1511)
... Removed 33 stack frames]]>
    </failure>
  </testcase> <!-- second_testcase -->
  <testcase classname="learnTestNG.TestScenario1" name="first_testcase" time="0.002">
    <failure type="java.lang.AssertionError" message="expected [Hello1] but found [Hello]">
      <![CDATA[java.lang.AssertionError: expected [Hello1] but found [Hello]
at learnTestNG.TestScenario1.first_testcase(TestScenario1.java:14)
at java.base/java.util.ArrayList.forEach(ArrayList.java:1511)
... Removed 33 stack frames]]>
    </failure>
  </testcase> <!-- first_testcase -->
  <testcase classname="learnTestNG.TestScenario4" name="first_testcase" time="0.0">
    <ignored/>
  </testcase> <!-- first_testcase -->
  <testcase classname="learnTestNG.TestScenario1" name="eight_testcase" time="0.0">
    <ignored/>
  </testcase> <!-- eight_testcase -->
  <testcase classname="learnTestNG.TestScenario1" name="forth_testcase" time="0.0">
    <ignored/>
  </testcase> <!-- forth_testcase -->
  <testcase classname="learnTestNG.TestScenario1" name="fifth_testcase" time="0.0">
    <ignored/>
  </testcase> <!-- fifth_testcase -->
  <testcase classname="learnTestNG.TestScenario1" name="seven_testcase" time="0.0">
    <ignored/>
  </testcase> <!-- seven_testcase -->
  <testcase classname="learnTestNG.TestScenario1" name="third_testcase" time="0.0">
    <ignored/>
  </testcase> <!-- third_testcase -->
  <testcase classname="learnTestNG.TestScenario1" name="sixth_testcase" time="0.0">
    <ignored/>
  </testcase> <!-- sixth_testcase -->
</testsuite> <!-- Test(failed) -->
